  Bullet.cpp
  Button.cpp
D:\OneDrive\Documents\GitHub\Airlock\Airlock\src\GameObject.h(5,10): error C1083:  Cannot open include file: 'glm\vec2.hpp': No such file or directory
  CollisionManager.cpp
D:\OneDrive\Documents\GitHub\Airlock\Airlock\src\Button.h(2,10): error C1083:  Cannot open include file: 'SDL.h': No such file or directory
  Enemy.cpp
D:\OneDrive\Documents\GitHub\Airlock\Airlock\src\GameObject.h(5,10): error C1083:  Cannot open include file: 'glm\vec2.hpp': No such file or directory
  Engine.cpp
D:\OneDrive\Documents\GitHub\Airlock\Airlock\src\GameObject.h(5,10): error C1083:  Cannot open include file: 'glm\vec2.hpp': No such file or directory
  FSM.cpp
D:\OneDrive\Documents\GitHub\Airlock\Airlock\src\Engine.h(9,10): error C1083:  Cannot open include file: 'SDL.h': No such file or directory
  Game.cpp
D:\OneDrive\Documents\GitHub\Airlock\Airlock\src\Button.h(2,10): error C1083:  Cannot open include file: 'SDL.h': No such file or directory
  GameObject.cpp
D:\OneDrive\Documents\GitHub\Airlock\Airlock\src\Game.h(12,10): error C1083:  Cannot open include file: 'SDL.h': No such file or directory
  Main.cpp
D:\OneDrive\Documents\GitHub\Airlock\Airlock\src\GameObject.h(5,10): error C1083:  Cannot open include file: 'glm\vec2.hpp': No such file or directory
  Minerals.cpp
D:\OneDrive\Documents\GitHub\Airlock\Airlock\src\Engine.h(9,10): error C1083:  Cannot open include file: 'SDL.h': No such file or directory
  Target.cpp
D:\OneDrive\Documents\GitHub\Airlock\Airlock\src\GameObject.h(5,10): error C1083:  Cannot open include file: 'glm\vec2.hpp': No such file or directory
  TextManager.cpp
D:\OneDrive\Documents\GitHub\Airlock\Airlock\src\GameObject.h(5,10): error C1083:  Cannot open include file: 'glm\vec2.hpp': No such file or directory
  TextureManager.cpp
D:\OneDrive\Documents\GitHub\Airlock\Airlock\src\TextManager.h(8,10): error C1083:  Cannot open include file: 'SDL.h': No such file or directory
  Util.cpp
D:\OneDrive\Documents\GitHub\Airlock\Airlock\src\TextureManager.h(17,10): error C1083:  Cannot open include file: 'glm\vec2.hpp': No such file or directory
  Generating Code...
D:\OneDrive\Documents\GitHub\Airlock\Airlock\src\Util.h(5,10): error C1083:  Cannot open include file: 'GLM/vec2.hpp': No such file or directory
