  Bullet.cpp
D:\School\Github\Airlock\src\Bullet.cpp(43,55): warning C4244: '=': conversion from 'T' to 'int', possible loss of data
          with
          [
              T=float
          ]
D:\School\Github\Airlock\src\Bullet.cpp(48,55): warning C4244: '=': conversion from 'T' to 'int', possible loss of data
          with
          [
              T=float
          ]
D:\School\Github\Airlock\src\Bullet.cpp(53,55): warning C4244: '=': conversion from 'T' to 'int', possible loss of data
          with
          [
              T=float
          ]
D:\School\Github\Airlock\src\Bullet.cpp(58,55): warning C4244: '=': conversion from 'T' to 'int', possible loss of data
          with
          [
              T=float
          ]
  Button.cpp
  Chest.cpp
  CollisionManager.cpp
D:\School\Github\Airlock\src\CollisionManager.cpp(6,15): warning C4244: 'initializing': conversion from 'T' to 'int', possible loss of data
          with
          [
              T=float
          ]
D:\School\Github\Airlock\src\CollisionManager.cpp(7,15): warning C4244: 'initializing': conversion from 'T' to 'int', possible loss of data
          with
          [
              T=float
          ]
D:\School\Github\Airlock\src\CollisionManager.cpp(17,18): warning C4244: 'initializing': conversion from 'float' to 'int', possible loss of data
  Enemy.cpp
D:\School\Github\Airlock\src\Enemy.cpp(25,15): warning C4244: 'argument': conversion from 'T' to 'int', possible loss of data
          with
          [
              T=float
          ]
D:\School\Github\Airlock\src\Enemy.cpp(26,16): warning C4244: 'argument': conversion from 'T' to 'int', possible loss of data
          with
          [
              T=float
          ]
D:\School\Github\Airlock\src\Enemy.cpp(55,17): warning C4244: 'initializing': conversion from 'T' to 'int', possible loss of data
          with
          [
              T=float
          ]
D:\School\Github\Airlock\src\Enemy.cpp(56,17): warning C4244: 'initializing': conversion from 'T' to 'int', possible loss of data
          with
          [
              T=float
          ]
D:\School\Github\Airlock\src\Enemy.cpp(111,11): warning C4244: 'initializing': conversion from 'T' to 'int', possible loss of data
          with
          [
              T=float
          ]
D:\School\Github\Airlock\src\Enemy.cpp(112,11): warning C4244: 'initializing': conversion from 'T' to 'int', possible loss of data
          with
          [
              T=float
          ]
D:\School\Github\Airlock\src\Enemy.cpp(116,39): warning C4244: 'argument': conversion from 'T' to 'std::array<row_type,15>::size_type', possible loss of data
          with
          [
              T=float
          ]
D:\School\Github\Airlock\src\Enemy.cpp(116,96): warning C4244: 'argument': conversion from 'T' to 'std::array<int,29>::size_type', possible loss of data
          with
          [
              T=float
          ]
D:\School\Github\Airlock\src\Enemy.cpp(116,147): warning C4244: 'argument': conversion from 'T' to 'std::array<int,29>::size_type', possible loss of data
          with
          [
              T=float
          ]
D:\School\Github\Airlock\src\Enemy.cpp(117,43): warning C4244: 'argument': conversion from 'double' to 'std::array<row_type,15>::size_type', possible loss of data
D:\School\Github\Airlock\src\Enemy.cpp(117,103): warning C4244: 'argument': conversion from 'double' to 'std::array<row_type,15>::size_type', possible loss of data
D:\School\Github\Airlock\src\Enemy.cpp(118,48): warning C4244: 'argument': conversion from 'double' to 'std::array<int,29>::size_type', possible loss of data
D:\School\Github\Airlock\src\Enemy.cpp(118,107): warning C4244: 'argument': conversion from 'double' to 'std::array<int,29>::size_type', possible loss of data
D:\School\Github\Airlock\src\Enemy.cpp(119,48): warning C4244: 'argument': conversion from 'double' to 'std::array<int,29>::size_type', possible loss of data
D:\School\Github\Airlock\src\Enemy.cpp(119,107): warning C4244: 'argument': conversion from 'double' to 'std::array<int,29>::size_type', possible loss of data
D:\School\Github\Airlock\src\Enemy.cpp(121,45): warning C4244: 'argument': conversion from 'T' to 'std::array<int,29>::size_type', possible loss of data
          with
          [
              T=float
          ]
D:\School\Github\Airlock\src\Enemy.cpp(121,96): warning C4244: 'argument': conversion from 'T' to 'std::array<int,29>::size_type', possible loss of data
          with
          [
              T=float
          ]
D:\School\Github\Airlock\src\Enemy.cpp(122,49): warning C4244: 'argument': conversion from 'T' to 'std::array<int,29>::size_type', possible loss of data
          with
          [
              T=float
          ]
D:\School\Github\Airlock\src\Enemy.cpp(122,106): warning C4244: 'argument': conversion from 'T' to 'std::array<int,29>::size_type', possible loss of data
          with
          [
              T=float
          ]
D:\School\Github\Airlock\src\Enemy.cpp(135,50): warning C4244: 'argument': conversion from 'T' to 'std::array<int,29>::size_type', possible loss of data
          with
          [
              T=float
          ]
D:\School\Github\Airlock\src\Enemy.cpp(135,101): warning C4244: 'argument': conversion from 'T' to 'std::array<int,29>::size_type', possible loss of data
          with
          [
              T=float
          ]
D:\School\Github\Airlock\src\Enemy.cpp(136,49): warning C4244: 'argument': conversion from 'T' to 'std::array<int,29>::size_type', possible loss of data
          with
          [
              T=float
          ]
D:\School\Github\Airlock\src\Enemy.cpp(136,106): warning C4244: 'argument': conversion from 'T' to 'std::array<int,29>::size_type', possible loss of data
          with
          [
              T=float
          ]
D:\School\Github\Airlock\src\Enemy.cpp(150,41): warning C4244: 'argument': conversion from 'T' to 'std::array<row_type,15>::size_type', possible loss of data
          with
          [
              T=float
          ]
D:\School\Github\Airlock\src\Enemy.cpp(150,95): warning C4244: 'argument': conversion from 'T' to 'std::array<row_type,15>::size_type', possible loss of data
          with
          [
              T=float
          ]
D:\School\Github\Airlock\src\Enemy.cpp(151,44): warning C4244: 'argument': conversion from 'double' to 'std::array<row_type,15>::size_type', possible loss of data
D:\School\Github\Airlock\src\Enemy.cpp(151,104): warning C4244: 'argument': conversion from 'double' to 'std::array<row_type,15>::size_type', possible loss of data
D:\School\Github\Airlock\src\Enemy.cpp(164,41): warning C4244: 'argument': conversion from 'T' to 'std::array<row_type,15>::size_type', possible loss of data
          with
          [
              T=float
          ]
D:\School\Github\Airlock\src\Enemy.cpp(164,95): warning C4244: 'argument': conversion from 'T' to 'std::array<row_type,15>::size_type', possible loss of data
          with
          [
              T=float
          ]
D:\School\Github\Airlock\src\Enemy.cpp(165,44): warning C4244: 'argument': conversion from 'double' to 'std::array<row_type,15>::size_type', possible loss of data
D:\School\Github\Airlock\src\Enemy.cpp(165,104): warning C4244: 'argument': conversion from 'double' to 'std::array<row_type,15>::size_type', possible loss of data
D:\School\Github\Airlock\src\Enemy.cpp(179,44): warning C4244: 'argument': conversion from 'T' to 'std::array<row_type,15>::size_type', possible loss of data
          with
          [
              T=float
          ]
D:\School\Github\Airlock\src\Enemy.cpp(179,101): warning C4244: 'argument': conversion from 'T' to 'std::array<int,29>::size_type', possible loss of data
          with
          [
              T=float
          ]
D:\School\Github\Airlock\src\Enemy.cpp(179,152): warning C4244: 'argument': conversion from 'T' to 'std::array<int,29>::size_type', possible loss of data
          with
          [
              T=float
          ]
  Engine.cpp
  FSM.cpp
  Game.cpp
D:\School\Github\Airlock\src\Game.cpp(218,21): warning C4018: '<': signed/unsigned mismatch
D:\School\Github\Airlock\src\Game.cpp(287,20): warning C4018: '<': signed/unsigned mismatch
D:\School\Github\Airlock\src\Game.cpp(400,45): warning C4838: conversion from 'T' to 'int' requires a narrowing conversion
          with
          [
              T=float
          ]
D:\School\Github\Airlock\src\Game.cpp(400,45): warning C4244: 'initializing': conversion from 'T' to 'int', possible loss of data
          with
          [
              T=float
          ]
D:\School\Github\Airlock\src\Game.cpp(400,78): warning C4838: conversion from 'T' to 'int' requires a narrowing conversion
          with
          [
              T=float
          ]
D:\School\Github\Airlock\src\Game.cpp(400,78): warning C4244: 'initializing': conversion from 'T' to 'int', possible loss of data
          with
          [
              T=float
          ]
D:\School\Github\Airlock\src\Game.cpp(461,36): warning C4244: '=': conversion from 'Sint32' to 'T', possible loss of data
          with
          [
              T=float
          ]
D:\School\Github\Airlock\src\Game.cpp(462,36): warning C4244: '=': conversion from 'Sint32' to 'T', possible loss of data
          with
          [
              T=float
          ]
  GameObject.cpp
  Key.cpp
D:\School\Github\Airlock\src\Key.cpp(10,15): warning C4244: 'argument': conversion from 'T' to 'int', possible loss of data
          with
          [
              T=float
          ]
D:\School\Github\Airlock\src\Key.cpp(11,16): warning C4244: 'argument': conversion from 'T' to 'int', possible loss of data
          with
          [
              T=float
          ]
D:\School\Github\Airlock\src\Key.cpp(27,18): warning C4244: 'initializing': conversion from 'T' to 'int', possible loss of data
          with
          [
              T=float
          ]
D:\School\Github\Airlock\src\Key.cpp(28,18): warning C4244: 'initializing': conversion from 'T' to 'int', possible loss of data
          with
          [
              T=float
          ]
  Level.cpp
  Main.cpp
  Minerals.cpp
D:\School\Github\Airlock\src\Minerals.cpp(16,15): warning C4244: 'argument': conversion from 'T' to 'int', possible loss of data
          with
          [
              T=float
          ]
D:\School\Github\Airlock\src\Minerals.cpp(17,16): warning C4244: 'argument': conversion from 'T' to 'int', possible loss of data
          with
          [
              T=float
          ]
D:\School\Github\Airlock\src\Minerals.cpp(31,17): warning C4244: 'initializing': conversion from 'T' to 'int', possible loss of data
          with
          [
              T=float
          ]
D:\School\Github\Airlock\src\Minerals.cpp(32,17): warning C4244: 'initializing': conversion from 'T' to 'int', possible loss of data
          with
          [
              T=float
          ]
  Target.cpp
D:\School\Github\Airlock\src\Target.cpp(35,15): warning C4244: 'argument': conversion from 'T' to 'int', possible loss of data
          with
          [
              T=float
          ]
D:\School\Github\Airlock\src\Target.cpp(36,16): warning C4244: 'argument': conversion from 'T' to 'int', possible loss of data
          with
          [
              T=float
          ]
D:\School\Github\Airlock\src\Target.cpp(44,6): warning C4101: 'inventory': unreferenced local variable
D:\School\Github\Airlock\src\Target.cpp(63,17): warning C4244: 'initializing': conversion from 'T' to 'int', possible loss of data
          with
          [
              T=float
          ]
D:\School\Github\Airlock\src\Target.cpp(64,17): warning C4244: 'initializing': conversion from 'T' to 'int', possible loss of data
          with
          [
              T=float
          ]
D:\School\Github\Airlock\src\Target.cpp(133,11): warning C4244: 'initializing': conversion from 'T' to 'int', possible loss of data
          with
          [
              T=float
          ]
D:\School\Github\Airlock\src\Target.cpp(134,11): warning C4244: 'initializing': conversion from 'T' to 'int', possible loss of data
          with
          [
              T=float
          ]
D:\School\Github\Airlock\src\Target.cpp(145,62): warning C4244: 'argument': conversion from 'T' to 'std::array<row_type,15>::size_type', possible loss of data
          with
          [
              T=float
          ]
D:\School\Github\Airlock\src\Target.cpp(145,143): warning C4244: 'argument': conversion from 'T' to 'std::array<int,29>::size_type', possible loss of data
          with
          [
              T=float
          ]
D:\School\Github\Airlock\src\Target.cpp(145,218): warning C4244: 'argument': conversion from 'T' to 'std::array<int,29>::size_type', possible loss of data
          with
          [
              T=float
          ]
  TextManager.cpp
  TextureManager.cpp
D:\School\Github\Airlock\src\TextureManager.cpp(71,15): warning C4244: 'initializing': conversion from 'double' to 'int', possible loss of data
D:\School\Github\Airlock\src\TextureManager.cpp(72,15): warning C4244: 'initializing': conversion from 'double' to 'int', possible loss of data
D:\School\Github\Airlock\src\TextureManager.cpp(115,15): warning C4244: 'initializing': conversion from 'double' to 'int', possible loss of data
D:\School\Github\Airlock\src\TextureManager.cpp(116,15): warning C4244: 'initializing': conversion from 'double' to 'int', possible loss of data
D:\School\Github\Airlock\src\TextureManager.cpp(158,15): warning C4244: 'initializing': conversion from 'double' to 'int', possible loss of data
D:\School\Github\Airlock\src\TextureManager.cpp(159,15): warning C4244: 'initializing': conversion from 'double' to 'int', possible loss of data
D:\School\Github\Airlock\src\TextureManager.cpp(202,15): warning C4244: 'initializing': conversion from 'double' to 'int', possible loss of data
D:\School\Github\Airlock\src\TextureManager.cpp(203,15): warning C4244: 'initializing': conversion from 'double' to 'int', possible loss of data
D:\School\Github\Airlock\src\TextureManager.cpp(222,11): warning C4244: '=': conversion from 'int' to 'T', possible loss of data
          with
          [
              T=float
          ]
D:\School\Github\Airlock\src\TextureManager.cpp(223,11): warning C4244: '=': conversion from 'int' to 'T', possible loss of data
          with
          [
              T=float
          ]
  Util.cpp
D:\School\Github\Airlock\src\Util.cpp(221,15): warning C4244: '=': conversion from 'double' to 'T', possible loss of data
          with
          [
              T=float
          ]
D:\School\Github\Airlock\src\Util.cpp(222,15): warning C4244: '=': conversion from 'double' to 'T', possible loss of data
          with
          [
              T=float
          ]
D:\School\Github\Airlock\src\Util.cpp(238,16): warning C4244: '=': conversion from 'double' to 'float', possible loss of data
  Generating Code...
D:\School\Github\Airlock\src\CollisionManager.cpp(71): warning C4715: 'CollisionManager::squaredRadiusCheck': not all control paths return a value
  Airlock.vcxproj -> D:\School\Github\Airlock\Debug\Airlock.exe
